

===========================<<<< 2025-07-22 14:28:42 PM >>>>=======================

* Heading: 6.5_nested_tokens 
* Current Page: https://stg-kidstestkitchencom-ktkstaging.kinsta.cloud/wp-admin/plugins.php?_wpnonce=bc8560f383&action=activate&plugin=uncanny-automatoruncanny-automator.php 

===========================<<<< TRACE MESSAGE START >>>>=========================

Starting the migration

===========================<<<< TRACE MESSAGE END >>>>==========================




===========================<<<< 2025-07-22 14:28:42 PM >>>>=======================

* Heading: 6.5_nested_tokens 
* Current Page: https://stg-kidstestkitchencom-ktkstaging.kinsta.cloud/wp-admin/plugins.php?_wpnonce=bc8560f383&action=activate&plugin=uncanny-automatoruncanny-automator.php 

===========================<<<< TRACE MESSAGE START >>>>=========================

Migration completed

===========================<<<< TRACE MESSAGE END >>>>==========================




===========================<<<< 2025-07-22 14:28:42 PM >>>>=======================

* Heading: 66_migrate_option_types 
* Current Page: https://stg-kidstestkitchencom-ktkstaging.kinsta.cloud/wp-admin/plugins.php?_wpnonce=bc8560f383&action=activate&plugin=uncanny-automatoruncanny-automator.php 

===========================<<<< TRACE MESSAGE START >>>>=========================

Starting the migration

===========================<<<< TRACE MESSAGE END >>>>==========================




===========================<<<< 2025-07-22 14:28:42 PM >>>>=======================

* Heading: 66_migrate_option_types 
* Current Page: https://stg-kidstestkitchencom-ktkstaging.kinsta.cloud/wp-admin/plugins.php?_wpnonce=bc8560f383&action=activate&plugin=uncanny-automatoruncanny-automator.php 

===========================<<<< TRACE MESSAGE START >>>>=========================

Migration completed

===========================<<<< TRACE MESSAGE END >>>>==========================


